build/outputs/logs/manifest-merger-debug-report.txt
-- Merging decision tree log ---
manifest
ADDED from src\main\AndroidManifest.xml:2:1-52:12
	package
		ADDED from src\main\AndroidManifest.xml:3:5-35
		INJECTED from src\main\AndroidManifest.xml
		INJECTED from src\main\AndroidManifest.xml
	android:versionName
		ADDED from src\main\AndroidManifest.xml:5:5-30
		INJECTED from src\main\AndroidManifest.xml
		INJECTED from src\main\AndroidManifest.xml
	android:versionCode
		ADDED from src\main\AndroidManifest.xml:4:5-28
		INJECTED from src\main\AndroidManifest.xml
		INJECTED from src\main\AndroidManifest.xml
	xmlns:android
		ADDED from src\main\AndroidManifest.xml:2:11-69
uses-sdk
ADDED from src\main\AndroidManifest.xml:7:5-74
	android:targetSdkVersion
		ADDED from src\main\AndroidManifest.xml:7:43-72
		INJECTED from src\main\AndroidManifest.xml
		INJECTED from src\main\AndroidManifest.xml
	android:minSdkVersion
		ADDED from src\main\AndroidManifest.xml:7:15-41
		INJECTED from src\main\AndroidManifest.xml
		INJECTED from src\main\AndroidManifest.xml
application
ADDED from src\main\AndroidManifest.xml:9:5-45:19
	android:label
		ADDED from src\main\AndroidManifest.xml:11:9-41
	android:icon
		ADDED from src\main\AndroidManifest.xml:10:9-46
uses-library#com.google.android.maps
ADDED from src\main\AndroidManifest.xml:12:9-88
	android:required
		ADDED from src\main\AndroidManifest.xml:12:62-86
	android:name
		ADDED from src\main\AndroidManifest.xml:12:23-61
activity#com.customer.example.GracenoteMusicID
ADDED from src\main\AndroidManifest.xml:13:9-22:20
	android:screenOrientation
		ADDED from src\main\AndroidManifest.xml:16:13-49
	android:label
		ADDED from src\main\AndroidManifest.xml:15:13-45
	android:name
		ADDED from src\main\AndroidManifest.xml:14:13-45
intent-filter#android.intent.action.MAIN+android.intent.category.LAUNCHER
ADDED from src\main\AndroidManifest.xml:17:13-21:29
action#android.intent.action.MAIN
ADDED from src\main\AndroidManifest.xml:18:17-69
	android:name
		ADDED from src\main\AndroidManifest.xml:18:25-66
category#android.intent.category.LAUNCHER
ADDED from src\main\AndroidManifest.xml:20:17-77
	android:name
		ADDED from src\main\AndroidManifest.xml:20:27-74
activity#com.customer.example.HistoryDetails
ADDED from src\main\AndroidManifest.xml:24:9-97
	android:screenOrientation
		ADDED from src\main\AndroidManifest.xml:24:49-85
	android:name
		ADDED from src\main\AndroidManifest.xml:24:19-48
service#com.customer.example.IdNowService
ADDED from src\main\AndroidManifest.xml:27:9-28:16
	android:name
		ADDED from src\main\AndroidManifest.xml:27:18-66
receiver#com.customer.example.IdNowWidgetProvider
ADDED from src\main\AndroidManifest.xml:29:3-43:14
	android:name
		ADDED from src\main\AndroidManifest.xml:29:13-68
intent-filter#android.appwidget.action.APPWIDGET_UPDATE+android.intent.category.ALTERNATIVE+android.intent.category.DEFAULT
ADDED from src\main\AndroidManifest.xml:30:7-34:23
action#android.appwidget.action.APPWIDGET_UPDATE
ADDED from src\main\AndroidManifest.xml:31:11-78
	android:name
		ADDED from src\main\AndroidManifest.xml:31:19-75
category#android.intent.category.DEFAULT
ADDED from src\main\AndroidManifest.xml:32:11-79
	android:name
		ADDED from src\main\AndroidManifest.xml:32:21-67
category#android.intent.category.ALTERNATIVE
ADDED from src\main\AndroidManifest.xml:33:11-83
	android:name
		ADDED from src\main\AndroidManifest.xml:33:21-71
intent-filter#com.customer.example.IdNowService.IDNOW
ADDED from src\main\AndroidManifest.xml:35:7-37:23
action#com.customer.example.IdNowService.IDNOW
ADDED from src\main\AndroidManifest.xml:36:11-76
	android:name
		ADDED from src\main\AndroidManifest.xml:36:19-73
intent-filter#com.customer.example.IdNowService.CANCEL
ADDED from src\main\AndroidManifest.xml:38:8-40:23
action#com.customer.example.IdNowService.CANCEL
ADDED from src\main\AndroidManifest.xml:39:11-77
	android:name
		ADDED from src\main\AndroidManifest.xml:39:19-74
meta-data#android.appwidget.provider
ADDED from src\main\AndroidManifest.xml:41:7-42:63
	android:resource
		ADDED from src\main\AndroidManifest.xml:42:18-60
	android:name
		ADDED from src\main\AndroidManifest.xml:41:18-59
uses-permission#android.permission.RECORD_AUDIO
ADDED from src\main\AndroidManifest.xml:47:5-71
	android:name
		ADDED from src\main\AndroidManifest.xml:47:22-68
uses-permission#android.permission.WRITE_EXTERNAL_STORAGE
ADDED from src\main\AndroidManifest.xml:48:5-81
	android:name
		ADDED from src\main\AndroidManifest.xml:48:22-78
uses-permission#android.permission.INTERNET
ADDED from src\main\AndroidManifest.xml:49:5-67
	android:name
		ADDED from src\main\AndroidManifest.xml:49:22-64
uses-permission#android.permission.ACCESS_NETWORK_STATE
ADDED from src\main\AndroidManifest.xml:50:5-79
	android:name
		ADDED from src\main\AndroidManifest.xml:50:22-76